<?xml version="1.0" encoding="UTF-8"?>
<!-- Generated by org.testng.reporters.JUnitXMLReporter -->
<testsuite ignored="0" hostname="Chaitu" failures="2" tests="2" name="Validating Search Results" time="7.247" errors="0" timestamp="2022-08-24T18:34:55 IST">
  <testcase classname="org.bovilla.testcases.KeyHighlightsFilterTest" name="keyHighlightsPageNavigation" time="2.381">
    <failure type="java.lang.AssertionError" message="expected [5] but found [4]">
      <![CDATA[java.lang.AssertionError: expected [5] but found [4]
at org.bovilla.testcases.KeyHighlightsFilterTest.keyHighlightsPageNavigation(KeyHighlightsFilterTest.java:38)
at java.base/java.util.ArrayList.forEach(ArrayList.java:1511)
... Removed 29 stack frames]]>
    </failure>
  </testcase> <!-- keyHighlightsPageNavigation -->
  <testcase classname="org.bovilla.testcases.KeyHighlightsFilterTest" name="keyHighlightsPageNavigation" time="1.24">
    <failure type="java.lang.AssertionError" message="expected [5] but found [4]">
      <![CDATA[java.lang.AssertionError: expected [5] but found [4]
at org.bovilla.testcases.KeyHighlightsFilterTest.keyHighlightsPageNavigation(KeyHighlightsFilterTest.java:38)
at java.base/java.util.ArrayList.forEach(ArrayList.java:1511)
... Removed 29 stack frames]]>
    </failure>
  </testcase> <!-- keyHighlightsPageNavigation -->
</testsuite> <!-- Validating Search Results -->
